<?xml version="1.0" encoding="UTF-8"?>
<testng-results ignored="0" total="1" passed="1" failed="0" skipped="0">
  <reporter-output>
  </reporter-output>
  <suite started-at="2023-07-21T22:35:24 IST" name="Suite" finished-at="2023-07-21T22:35:31 IST" duration-ms="6795">
    <groups>
    </groups>
    <test started-at="2023-07-21T22:35:24 IST" name="Test" finished-at="2023-07-21T22:35:31 IST" duration-ms="6795">
      <class name="com.TestLayer.UserRegisterPageTest">
        <test-method is-config="true" signature="setup()[pri:0, instance:com.TestLayer.UserRegisterPageTest@3a93b025]" started-at="2023-07-21T22:35:24 IST" name="setup" finished-at="2023-07-21T22:35:29 IST" duration-ms="4969" status="PASS">
          <reporter-output>
          </reporter-output>
        </test-method> <!-- setup -->
        <test-method signature="validateUserRegistration()[pri:0, instance:com.TestLayer.UserRegisterPageTest@3a93b025]" started-at="2023-07-21T22:35:29 IST" name="validateUserRegistration" finished-at="2023-07-21T22:35:31 IST" duration-ms="1370" status="PASS">
          <reporter-output>
          </reporter-output>
        </test-method> <!-- validateUserRegistration -->
        <test-method is-config="true" signature="tearDown()[pri:0, instance:com.TestLayer.UserRegisterPageTest@3a93b025]" started-at="2023-07-21T22:35:31 IST" name="tearDown" finished-at="2023-07-21T22:35:31 IST" duration-ms="0" status="PASS">
          <reporter-output>
          </reporter-output>
        </test-method> <!-- tearDown -->
      </class> <!-- com.TestLayer.UserRegisterPageTest -->
    </test> <!-- Test -->
  </suite> <!-- Suite -->
</testng-results>
